[debug] [2021-11-30T00:43:11.354Z] ----------------------------------------------------------------------
[debug] [2021-11-30T00:43:11.359Z] Command:       C:\Program Files\nodejs\node.exe C:\Users\Jonathan Walace\AppData\Roaming\npm\node_modules\firebase-tools\lib\bin\firebase.js init hosting
[debug] [2021-11-30T00:43:11.360Z] CLI Version:   9.23.0
[debug] [2021-11-30T00:43:11.360Z] Platform:      win32
[debug] [2021-11-30T00:43:11.361Z] Node Version:  v16.13.0
[debug] [2021-11-30T00:43:11.363Z] Time:          Mon Nov 29 2021 21:43:11 GMT-0300 (Horário Padrão de Brasília)
[debug] [2021-11-30T00:43:11.364Z] ----------------------------------------------------------------------
[debug] 
[debug] [2021-11-30T00:43:11.379Z] > command requires scopes: ["email","openid","https://www.googleapis.com/auth/cloudplatformprojects.readonly","https://www.googleapis.com/auth/firebase","https://www.googleapis.com/auth/cloud-platform"]
[debug] [2021-11-30T00:43:11.380Z] > authorizing via signed-in user (jonathan.cat.zud@gmail.com)
[info] 
     ######## #### ########  ######## ########     ###     ######  ########
     ##        ##  ##     ## ##       ##     ##  ##   ##  ##       ##
     ######    ##  ########  ######   ########  #########  ######  ######
     ##        ##  ##    ##  ##       ##     ## ##     ##       ## ##
     ##       #### ##     ## ######## ########  ##     ##  ######  ########

You're about to initialize a Firebase project in this directory:

  C:\loja-esportiva

Before we get started, keep in mind:

  * You are currently outside your home directory

[info] 
=== Project Setup
[info] 
[info] First, let's associate this project directory with a Firebase project.
[info] You can create multiple project aliases by running firebase use --add, 
[info] but for now we'll just set up a default project.
[info] 
[debug] [2021-11-30T00:43:26.107Z] >>> [apiv2][query] GET https://firebase.googleapis.com/v1beta1/projects pageSize=100
[debug] [2021-11-30T00:43:26.768Z] <<< [apiv2][status] GET https://firebase.googleapis.com/v1beta1/projects 200
[debug] [2021-11-30T00:43:26.768Z] <<< [apiv2][body] GET https://firebase.googleapis.com/v1beta1/projects [omitted]
[info] i  Using project ecommerce-extreme (Extreme) 
[info] 
=== Hosting Setup
[info] 
[info] Your public directory is the folder (relative to your project directory) that
[info] will contain Hosting assets to be uploaded with firebase deploy. If you
[info] have a build process for your assets, use your build's output directory.
[info] 
[debug] [2021-11-30T00:46:15.147Z] >>> [apiv2][query] GET https://www.gstatic.com/firebasejs/releases.json [none]
[debug] [2021-11-30T00:46:15.474Z] <<< [apiv2][status] GET https://www.gstatic.com/firebasejs/releases.json 200
[debug] [2021-11-30T00:46:15.475Z] <<< [apiv2][body] GET https://www.gstatic.com/firebasejs/releases.json {"current":{"version":"9.5.0","browserURL":"https://www.gstatic.com/firebasejs/9.5.0/firebase.js","packageURL":"https://www.gstatic.com/firebasejs/9.5.0/firebase.tgz"},"live":{"version":"9.5","browserURL":"https://www.gstatic.com/firebasejs/live/9.5/firebase.js","packageURL":"https://www.gstatic.com/firebasejs/live/9.5/firebase.tgz"},"components":{"analytics":"https://www.gstatic.com/firebasejs/9.5.0/firebase-analytics.js","app":"https://www.gstatic.com/firebasejs/9.5.0/firebase-app.js","app-check":"https://www.gstatic.com/firebasejs/9.5.0/firebase-app-check.js","auth":"https://www.gstatic.com/firebasejs/9.5.0/firebase-auth.js","auth/cordova":"https://www.gstatic.com/firebasejs/9.5.0/firebase-auth/cordova.js","auth/react-native":"https://www.gstatic.com/firebasejs/9.5.0/firebase-auth/react-native.js","functions":"https://www.gstatic.com/firebasejs/9.5.0/firebase-functions.js","firestore":"https://www.gstatic.com/firebasejs/9.5.0/firebase-firestore.js","firestore/lite":"https://www.gstatic.com/firebasejs/9.5.0/firebase-firestore/lite.js","storage":"https://www.gstatic.com/firebasejs/9.5.0/firebase-storage.js","performance":"https://www.gstatic.com/firebasejs/9.5.0/firebase-performance.js","remote-config":"https://www.gstatic.com/firebasejs/9.5.0/firebase-remote-config.js","messaging":"https://www.gstatic.com/firebasejs/9.5.0/firebase-messaging.js","messaging/sw":"https://www.gstatic.com/firebasejs/9.5.0/firebase-messaging/sw.js","database":"https://www.gstatic.com/firebasejs/9.5.0/firebase-database.js","firestore.memory":"https://www.gstatic.com/firebasejs/9.5.0/firebase-firestore.memory.js"}}
[info] +  Wrote y/index.html 
[info] 
[info] i  Didn't detect a .git folder. Assuming C:\loja-esportiva is the project root. 
[info] i  Authorizing with GitHub to upload your service account to a GitHub repository's secrets store. 
[info] 
[info] Visit this URL on this device to log in:
[info] https://github.com/login/oauth/authorize?client_id=89cf50f02ac6aaed3484&state=654940556&redirect_uri=http%3A%2F%2Flocalhost%3A9005&scope=read%3Auser%20repo%20public_repo
[info] 
[info] Waiting for authentication...
[debug] [2021-11-30T00:46:27.768Z] >>> HTTP REQUEST POST https://github.com/login/oauth/access_token  
 {"client_id":"89cf50f02ac6aaed3484","client_secret":"3330d14abc895d9a74d5f17cd7a00711fa2c5bf0","code":"0be392fd0bac5ccbbfc7","redirect_uri":"http://localhost:9005","state":"654940556"}
[debug] [2021-11-30T00:46:28.636Z] <<< HTTP RESPONSE 200 {"server":"GitHub.com","date":"Tue, 30 Nov 2021 00:46:27 GMT","content-type":"application/json; charset=utf-8","transfer-encoding":"chunked","vary":"X-PJAX, X-PJAX-Container, Accept-Encoding, Accept, X-Requested-With","permissions-policy":"interest-cohort=()","etag":"W/\"3eca55dfdb54b9c5b96ad348b592a3c3\"","cache-control":"max-age=0, private, must-revalidate","strict-transport-security":"max-age=31536000; includeSubdomains; preload","x-frame-options":"deny","x-content-type-options":"nosniff","x-xss-protection":"0","referrer-policy":"origin-when-cross-origin, strict-origin-when-cross-origin","expect-ct":"max-age=2592000, report-uri=\"https://api.github.com/_private/browser/errors\"","content-security-policy":"default-src 'none'; base-uri 'self'; block-all-mixed-content; child-src github.com/assets-cdn/worker/ gist.github.com/assets-cdn/worker/; connect-src 'self' uploads.github.com objects-origin.githubusercontent.com www.githubstatus.com collector.githubapp.com api.github.com github-cloud.s3.amazonaws.com github-production-repository-file-5c1aeb.s3.amazonaws.com github-production-upload-manifest-file-7fdce7.s3.amazonaws.com github-production-user-asset-6210df.s3.amazonaws.com cdn.optimizely.com logx.optimizely.com/v1/events translator.github.com wss://alive.github.com; font-src github.githubassets.com; form-action 'self' github.com gist.github.com objects-origin.githubusercontent.com; frame-ancestors 'none'; frame-src render.githubusercontent.com viewscreen.githubusercontent.com notebooks.githubusercontent.com; img-src 'self' data: github.githubassets.com identicons.github.com collector.githubapp.com github-cloud.s3.amazonaws.com secured-user-images.githubusercontent.com/ *.githubusercontent.com; manifest-src 'self'; media-src github.com user-images.githubusercontent.com/; script-src github.githubassets.com; style-src 'unsafe-inline' github.githubassets.com; worker-src github.com/assets-cdn/worker/ gist.github.com/assets-cdn/worker/","x-github-request-id":"FE9E:4C01:600070:78285E:61A57463"}
[debug] [2021-11-30T00:46:28.645Z] >>> [apiv2][query] GET https://api.github.com/user [none]
[debug] [2021-11-30T00:46:30.058Z] <<< [apiv2][status] GET https://api.github.com/user 200
[debug] [2021-11-30T00:46:30.058Z] <<< [apiv2][body] GET https://api.github.com/user {"login":"JonathanWalace","id":69991664,"node_id":"MDQ6VXNlcjY5OTkxNjY0","avatar_url":"https://avatars.githubusercontent.com/u/69991664?v=4","gravatar_id":"","url":"https://api.github.com/users/JonathanWalace","html_url":"https://github.com/JonathanWalace","followers_url":"https://api.github.com/users/JonathanWalace/followers","following_url":"https://api.github.com/users/JonathanWalace/following{/other_user}","gists_url":"https://api.github.com/users/JonathanWalace/gists{/gist_id}","starred_url":"https://api.github.com/users/JonathanWalace/starred{/owner}{/repo}","subscriptions_url":"https://api.github.com/users/JonathanWalace/subscriptions","organizations_url":"https://api.github.com/users/JonathanWalace/orgs","repos_url":"https://api.github.com/users/JonathanWalace/repos","events_url":"https://api.github.com/users/JonathanWalace/events{/privacy}","received_events_url":"https://api.github.com/users/JonathanWalace/received_events","type":"User","site_admin":false,"name":"Jonathan Walace","company":null,"blog":"","location":null,"email":null,"hireable":null,"bio":null,"twitter_username":null,"public_repos":1,"public_gists":0,"followers":0,"following":1,"created_at":"2020-08-20T21:27:58Z","updated_at":"2021-11-30T00:46:20Z","private_gists":0,"total_private_repos":0,"owned_private_repos":0,"disk_usage":2,"collaborators":0,"two_factor_authentication":false,"plan":{"name":"free","space":976562499,"collaborators":0,"private_repos":10000}}
[info] 
[info] +  Success! Logged into GitHub as JonathanWalace 
[info] 
